573227764976:ENCOLADO ans_0b9ab0dc-dbde-4f8f-974b-dbc09f99dc19
EJECUTANDO:ans_0b9ab0dc-dbde-4f8f-974b-dbc09f99dc19
573227764976:SUCCESS
573227764976:ENCOLADO ans_5d89699e-ca16-48e8-b5a6-41dfa5914deb
EJECUTANDO:ans_5d89699e-ca16-48e8-b5a6-41dfa5914deb
573227764976:SUCCESS
573227764976:ENCOLADO ans_599778d5-bf8e-484d-8c32-b9dfae734024
EJECUTANDO:ans_599778d5-bf8e-484d-8c32-b9dfae734024
573227764976:SUCCESS
573227764976:ENCOLADO ans_aa5a4eab-3f06-4a59-8a2c-7ceb7dd60788
EJECUTANDO:ans_aa5a4eab-3f06-4a59-8a2c-7ceb7dd60788
573227764976:SUCCESS
573134244084:ENCOLADO ans_0b9ab0dc-dbde-4f8f-974b-dbc09f99dc19
EJECUTANDO:ans_0b9ab0dc-dbde-4f8f-974b-dbc09f99dc19
573134244084:SUCCESS
573134244084:ENCOLADO ans_5d89699e-ca16-48e8-b5a6-41dfa5914deb
EJECUTANDO:ans_5d89699e-ca16-48e8-b5a6-41dfa5914deb
573134244084:SUCCESS
573134244084:ENCOLADO ans_599778d5-bf8e-484d-8c32-b9dfae734024
EJECUTANDO:ans_599778d5-bf8e-484d-8c32-b9dfae734024
573134244084:SUCCESS
573134244084:ENCOLADO ans_aa5a4eab-3f06-4a59-8a2c-7ceb7dd60788
EJECUTANDO:ans_aa5a4eab-3f06-4a59-8a2c-7ceb7dd60788
573134244084:SUCCESS
573134244084:ENCOLADO ans_aa5a4eab-3f06-4a59-8a2c-7ceb7dd60788
EJECUTANDO:ans_aa5a4eab-3f06-4a59-8a2c-7ceb7dd60788
573134244084:SUCCESS
573134244084:ENCOLADO ans_0b9ab0dc-dbde-4f8f-974b-dbc09f99dc19
EJECUTANDO:ans_0b9ab0dc-dbde-4f8f-974b-dbc09f99dc19
573134244084:SUCCESS
573134244084:ENCOLADO ans_5d89699e-ca16-48e8-b5a6-41dfa5914deb
EJECUTANDO:ans_5d89699e-ca16-48e8-b5a6-41dfa5914deb
573134244084:SUCCESS
573134244084:ENCOLADO ans_599778d5-bf8e-484d-8c32-b9dfae734024
EJECUTANDO:ans_599778d5-bf8e-484d-8c32-b9dfae734024
573134244084:SUCCESS
573134244084:ENCOLADO ans_0b9ab0dc-dbde-4f8f-974b-dbc09f99dc19
EJECUTANDO:ans_0b9ab0dc-dbde-4f8f-974b-dbc09f99dc19
573134244084:SUCCESS
573134244084:ENCOLADO ans_5d89699e-ca16-48e8-b5a6-41dfa5914deb
EJECUTANDO:ans_5d89699e-ca16-48e8-b5a6-41dfa5914deb
573134244084:SUCCESS
573134244084:ENCOLADO ans_599778d5-bf8e-484d-8c32-b9dfae734024
EJECUTANDO:ans_599778d5-bf8e-484d-8c32-b9dfae734024
573134244084:SUCCESS
